<?xml version="1.0" encoding="UTF-8"?>
<testng-results ignored="0" total="2" passed="2" failed="0" skipped="0">
  <reporter-output>
  </reporter-output>
  <suite started-at="2023-07-03T15:11:55 IST" name="Default suite" finished-at="2023-07-03T15:12:07 IST" duration-ms="11958">
    <groups>
    </groups>
    <test started-at="2023-07-03T15:11:55 IST" name="Default test" finished-at="2023-07-03T15:12:07 IST" duration-ms="11958">
      <class name="testng.grouping">
        <test-method signature="dropdown()[pri:1, instance:testng.grouping@7f0eb4b4]" started-at="2023-07-03T15:11:55 IST" name="dropdown" finished-at="2023-07-03T15:12:01 IST" duration-ms="5493" status="PASS">
          <reporter-output>
          </reporter-output>
        </test-method> <!-- dropdown -->
        <test-method signature="login()[pri:2, instance:testng.grouping@7f0eb4b4]" started-at="2023-07-03T15:12:01 IST" name="login" finished-at="2023-07-03T15:12:07 IST" duration-ms="6395" status="PASS">
          <reporter-output>
          </reporter-output>
        </test-method> <!-- login -->
      </class> <!-- testng.grouping -->
    </test> <!-- Default test -->
  </suite> <!-- Default suite -->
</testng-results>
